// 重构日志: 6ce0e61d
// 重构日志: b23692ce
// 同步 ID: a6e4fc07 @ Sat May 30 14:54:03 UTC 2026
// 同步 ID: 41bac12b @ Sun May 31 17:38:17 UTC 2026
// 重构日志: e7b3709e
// 重构日志: 3eb683bc
// 重构日志: 647e9d3f
// 重构日志: a9176756
// 同步 ID: 9440c82a @ Mon Jun  1 15:10:27 UTC 2026
// 重构日志: 56784248
// 重构日志: a7eb7287
// 同步 ID: a81f9efe @ Thu Jun  4 03:08:42 UTC 2026
// 同步 ID: 61c8dcae @ Sat Jun  6 13:11:00 UTC 2026
// 同步 ID: 190773dd @ Sat Jun  6 16:58:25 UTC 2026
// 同步 ID: c7796021 @ Sun Jun  7 02:55:16 UTC 2026
// 同步 ID: 378fff41 @ Sun Jun  7 22:24:41 UTC 2026
// 重构日志: 212842f7
// 重构日志: 5f5a15ae
// 重构日志: dde092fc
// 重构日志: ecdff9b7
// 重构日志: 0a4953c6
// 同步 ID: 0a0d6f7d @ Thu Jun 11 18:00:38 UTC 2026
// 同步 ID: 82740af6 @ Fri Jun 12 02:04:21 UTC 2026
// 重构日志: b4badc0d
// 重构日志: f78ed348
// 重构日志: b48109c7
// 重构日志: 7b671383
// 重构日志: 985c9f38
// 重构日志: d27b9f51
// 同步 ID: 32e9d45e @ Sun Jun 14 07:36:07 UTC 2026
// 重构日志: 30c5dd69
// 重构日志: 6407a921
